00:06:58.704 [run-main-0] INFO  java.lang.Class - --- Starting The Execution
00:06:58.706 [run-main-0] INFO  java.lang.Class - --- Taking the time stamp value from config file
00:06:58.710 [run-main-0] INFO  java.lang.Class - --- Taking the time interval in minutes value from config file
00:06:58.903 [run-main-0] DEBUG java.lang.Class - Making HTTP request: HttpRequest(https://r4uuq1pr7d.execute-api.us-east-2.amazonaws.com/default/hw3,POST,ByteBodyConnectFunc(Array[Byte]{15}),List(),List((User-Agent,scalaj-http/2.4.2), (Content-Type,application/grpc+proto), (Accept,application/grpc+proto)),List(scalaj.http.HttpOptions$$$Lambda$7581/0x0000000102065040@67eb8363, scalaj.http.HttpOptions$$$Lambda$7582/0x0000000102064840@754d20d1, scalaj.http.HttpOptions$$$Lambda$7581/0x0000000102065040@1f3e4b21, scalaj.http.HttpOptions$$$Lambda$7582/0x0000000102064840@22cf2a15, scalaj.http.HttpOptions$$$Lambda$7583/0x0000000102064040@198445b4),None,UTF-8,4096,QueryStringUrlFunc,true,None)
00:07:02.204 [run-main-0] INFO  java.lang.Class - 
Result = true
00:07:02.205 [run-main-0] INFO  java.lang.Class - Executing RESTAPI with Finagle HTTP Framework
00:07:02.602 [run-main-0] DEBUG i.n.u.i.l.InternalLoggerFactory - Using SLF4J as the default logging framework
00:07:02.605 [run-main-0] DEBUG io.netty.util.ResourceLeakDetector - -Dio.netty.leakDetection.level: simple
00:07:02.605 [run-main-0] DEBUG io.netty.util.ResourceLeakDetector - -Dio.netty.leakDetection.targetRecords: 4
00:07:02.635 [run-main-0] DEBUG i.n.util.internal.PlatformDependent0 - -Dio.netty.noUnsafe: false
00:07:02.636 [run-main-0] DEBUG i.n.util.internal.PlatformDependent0 - Java version: 11
00:07:02.637 [run-main-0] DEBUG i.n.util.internal.PlatformDependent0 - sun.misc.Unsafe.theUnsafe: available
00:07:02.638 [run-main-0] DEBUG i.n.util.internal.PlatformDependent0 - sun.misc.Unsafe.copyMemory: available
00:07:02.639 [run-main-0] DEBUG i.n.util.internal.PlatformDependent0 - java.nio.Buffer.address: available
00:07:02.640 [run-main-0] DEBUG i.n.util.internal.PlatformDependent0 - direct buffer constructor: unavailable: Reflective setAccessible(true) disabled
00:07:02.642 [run-main-0] DEBUG i.n.util.internal.PlatformDependent0 - java.nio.Bits.unaligned: available, true
00:07:02.645 [run-main-0] DEBUG i.n.util.internal.PlatformDependent0 - jdk.internal.misc.Unsafe.allocateUninitializedArray(int): unavailable: class io.netty.util.internal.PlatformDependent0$6 cannot access class jdk.internal.misc.Unsafe (in module java.base) because module java.base does not export jdk.internal.misc to unnamed module @19af274d
00:07:02.646 [run-main-0] DEBUG i.n.util.internal.PlatformDependent0 - java.nio.DirectByteBuffer.<init>(long, int): unavailable
00:07:02.647 [run-main-0] DEBUG i.n.util.internal.PlatformDependent - sun.misc.Unsafe: available
00:07:02.648 [run-main-0] DEBUG i.n.util.internal.PlatformDependent - maxDirectMemory: 1073741824 bytes (maybe)
00:07:02.649 [run-main-0] DEBUG i.n.util.internal.PlatformDependent - -Dio.netty.tmpdir: C:\Users\SMRITH~1\AppData\Local\Temp (java.io.tmpdir)
00:07:02.649 [run-main-0] DEBUG i.n.util.internal.PlatformDependent - -Dio.netty.bitMode: 64 (sun.arch.data.model)
00:07:02.650 [run-main-0] DEBUG i.n.util.internal.PlatformDependent - Platform: Windows
00:07:02.653 [run-main-0] DEBUG i.n.util.internal.PlatformDependent - -Dio.netty.maxDirectMemory: -1 bytes
00:07:02.654 [run-main-0] DEBUG i.n.util.internal.PlatformDependent - -Dio.netty.uninitializedArrayAllocationThreshold: -1
00:07:02.656 [run-main-0] DEBUG io.netty.util.internal.CleanerJava9 - java.nio.ByteBuffer.cleaner(): available
00:07:02.656 [run-main-0] DEBUG i.n.util.internal.PlatformDependent - -Dio.netty.noPreferDirect: false
00:07:02.658 [run-main-0] DEBUG i.n.buffer.PooledByteBufAllocator - -Dio.netty.allocator.numHeapArenas: 16
00:07:02.658 [run-main-0] DEBUG i.n.buffer.PooledByteBufAllocator - -Dio.netty.allocator.numDirectArenas: 16
00:07:02.659 [run-main-0] DEBUG i.n.buffer.PooledByteBufAllocator - -Dio.netty.allocator.pageSize: 8192
00:07:02.659 [run-main-0] DEBUG i.n.buffer.PooledByteBufAllocator - -Dio.netty.allocator.maxOrder: 7
00:07:02.660 [run-main-0] DEBUG i.n.buffer.PooledByteBufAllocator - -Dio.netty.allocator.chunkSize: 1048576
00:07:02.660 [run-main-0] DEBUG i.n.buffer.PooledByteBufAllocator - -Dio.netty.allocator.smallCacheSize: 256
00:07:02.661 [run-main-0] DEBUG i.n.buffer.PooledByteBufAllocator - -Dio.netty.allocator.normalCacheSize: 64
00:07:02.662 [run-main-0] DEBUG i.n.buffer.PooledByteBufAllocator - -Dio.netty.allocator.maxCachedBufferCapacity: 32768
00:07:02.662 [run-main-0] DEBUG i.n.buffer.PooledByteBufAllocator - -Dio.netty.allocator.cacheTrimInterval: 8192
00:07:02.663 [run-main-0] DEBUG i.n.buffer.PooledByteBufAllocator - -Dio.netty.allocator.cacheTrimIntervalMillis: 0
00:07:02.663 [run-main-0] DEBUG i.n.buffer.PooledByteBufAllocator - -Dio.netty.allocator.useCacheForAllThreads: true
00:07:02.664 [run-main-0] DEBUG i.n.buffer.PooledByteBufAllocator - -Dio.netty.allocator.maxCachedByteBuffersPerChunk: 1023
00:07:02.672 [run-main-0] DEBUG i.n.u.i.InternalThreadLocalMap - -Dio.netty.threadLocalMap.stringBuilder.initialSize: 1024
00:07:02.673 [run-main-0] DEBUG i.n.u.i.InternalThreadLocalMap - -Dio.netty.threadLocalMap.stringBuilder.maxSize: 4096
00:07:02.961 [run-main-0] DEBUG i.n.util.ResourceLeakDetectorFactory - Loaded default ResourceLeakDetector: io.netty.util.ResourceLeakDetector@59b09e2a
00:07:02.972 [run-main-0] DEBUG i.n.util.internal.PlatformDependent - org.jctools-core.MpscChunkedArrayQueue: available
00:07:03.665 [run-main-0] DEBUG i.n.c.MultithreadEventLoopGroup - -Dio.netty.eventLoopThreads: 16
00:07:03.692 [run-main-0] DEBUG io.netty.channel.nio.NioEventLoop - -Dio.netty.noKeySetOptimization: false
00:07:03.692 [run-main-0] DEBUG io.netty.channel.nio.NioEventLoop - -Dio.netty.selectorAutoRebuildThreshold: 512
00:07:03.745 [run-main-0] DEBUG io.netty.channel.DefaultChannelId - -Dio.netty.processId: 17188 (auto-detected)
00:07:03.748 [run-main-0] DEBUG io.netty.util.NetUtil - -Djava.net.preferIPv4Stack: false
00:07:03.748 [run-main-0] DEBUG io.netty.util.NetUtil - -Djava.net.preferIPv6Addresses: false
00:07:03.948 [run-main-0] DEBUG i.netty.util.NetUtilInitializations - Loopback interface: lo (Software Loopback Interface 1, 127.0.0.1)
00:07:03.949 [run-main-0] DEBUG io.netty.util.NetUtil - Failed to get SOMAXCONN from sysctl and file \proc\sys\net\core\somaxconn. Default: 200
00:07:04.153 [run-main-0] DEBUG io.netty.channel.DefaultChannelId - -Dio.netty.machineId: 9c:da:3e:ff:fe:a8:b6:f0 (auto-detected)
00:07:04.182 [run-main-0] DEBUG io.netty.buffer.ByteBufUtil - -Dio.netty.allocator.type: pooled
00:07:04.182 [run-main-0] DEBUG io.netty.buffer.ByteBufUtil - -Dio.netty.threadLocalDirectBufferSize: 0
00:07:04.183 [run-main-0] DEBUG io.netty.buffer.ByteBufUtil - -Dio.netty.maxThreadLocalCharBufferSize: 16384
00:07:04.212 [finagle/netty4-1-1] DEBUG i.n.u.internal.NativeLibraryLoader - -Dio.netty.native.workdir: C:\Users\SMRITH~1\AppData\Local\Temp (io.netty.tmpdir)
00:07:04.214 [finagle/netty4-1-1] DEBUG i.n.u.internal.NativeLibraryLoader - -Dio.netty.native.deleteLibAfterLoading: true
00:07:04.215 [finagle/netty4-1-1] DEBUG i.n.u.internal.NativeLibraryLoader - -Dio.netty.native.tryPatchShadedId: true
00:07:04.256 [finagle/netty4-1-1] DEBUG i.n.u.internal.NativeLibraryLoader - Successfully loaded the library C:\Users\SMRITH~1\AppData\Local\Temp\netty_tcnative_windows_x86_644556729512153437240.dll
00:07:04.257 [finagle/netty4-1-1] DEBUG io.netty.handler.ssl.OpenSsl - Initialize netty-tcnative using engine: 'default'
00:07:04.258 [finagle/netty4-1-1] DEBUG io.netty.handler.ssl.OpenSsl - netty-tcnative using native library: BoringSSL
00:07:04.275 [finagle/netty4-1-1] DEBUG io.netty.buffer.AbstractByteBuf - -Dio.netty.buffer.checkAccessible: true
00:07:04.276 [finagle/netty4-1-1] DEBUG io.netty.buffer.AbstractByteBuf - -Dio.netty.buffer.checkBounds: true
00:07:04.277 [finagle/netty4-1-1] DEBUG i.n.util.ResourceLeakDetectorFactory - Loaded default ResourceLeakDetector: io.netty.util.ResourceLeakDetector@765845ba
00:07:04.294 [finagle/netty4-1-1] DEBUG i.n.util.ResourceLeakDetectorFactory - Loaded default ResourceLeakDetector: io.netty.util.ResourceLeakDetector@25d282b8
00:07:04.305 [finagle/netty4-1-1] DEBUG io.netty.util.Recycler - -Dio.netty.recycler.maxCapacityPerThread: disabled
00:07:04.305 [finagle/netty4-1-1] DEBUG io.netty.util.Recycler - -Dio.netty.recycler.maxSharedCapacityFactor: disabled
00:07:04.306 [finagle/netty4-1-1] DEBUG io.netty.util.Recycler - -Dio.netty.recycler.linkCapacity: disabled
00:07:04.306 [finagle/netty4-1-1] DEBUG io.netty.util.Recycler - -Dio.netty.recycler.ratio: disabled
00:07:04.307 [finagle/netty4-1-1] DEBUG io.netty.util.Recycler - -Dio.netty.recycler.delayedQueue.ratio: disabled
00:07:04.332 [finagle/netty4-1-1] DEBUG i.n.handler.ssl.CipherSuiteConverter - Cipher suite mapping: TLS_ECDHE_ECDSA_WITH_AES_128_GCM_SHA256 => ECDHE-ECDSA-AES128-GCM-SHA256
00:07:04.332 [finagle/netty4-1-1] DEBUG i.n.handler.ssl.CipherSuiteConverter - Cipher suite mapping: SSL_ECDHE_ECDSA_WITH_AES_128_GCM_SHA256 => ECDHE-ECDSA-AES128-GCM-SHA256
00:07:04.333 [finagle/netty4-1-1] DEBUG i.n.handler.ssl.CipherSuiteConverter - Cipher suite mapping: TLS_ECDHE_RSA_WITH_AES_128_GCM_SHA256 => ECDHE-RSA-AES128-GCM-SHA256
00:07:04.333 [finagle/netty4-1-1] DEBUG i.n.handler.ssl.CipherSuiteConverter - Cipher suite mapping: SSL_ECDHE_RSA_WITH_AES_128_GCM_SHA256 => ECDHE-RSA-AES128-GCM-SHA256
00:07:04.333 [finagle/netty4-1-1] DEBUG i.n.handler.ssl.CipherSuiteConverter - Cipher suite mapping: TLS_ECDHE_ECDSA_WITH_AES_256_GCM_SHA384 => ECDHE-ECDSA-AES256-GCM-SHA384
00:07:04.334 [finagle/netty4-1-1] DEBUG i.n.handler.ssl.CipherSuiteConverter - Cipher suite mapping: SSL_ECDHE_ECDSA_WITH_AES_256_GCM_SHA384 => ECDHE-ECDSA-AES256-GCM-SHA384
00:07:04.334 [finagle/netty4-1-1] DEBUG i.n.handler.ssl.CipherSuiteConverter - Cipher suite mapping: TLS_ECDHE_RSA_WITH_AES_256_GCM_SHA384 => ECDHE-RSA-AES256-GCM-SHA384
00:07:04.334 [finagle/netty4-1-1] DEBUG i.n.handler.ssl.CipherSuiteConverter - Cipher suite mapping: SSL_ECDHE_RSA_WITH_AES_256_GCM_SHA384 => ECDHE-RSA-AES256-GCM-SHA384
00:07:04.335 [finagle/netty4-1-1] DEBUG i.n.handler.ssl.CipherSuiteConverter - Cipher suite mapping: TLS_ECDHE_ECDSA_WITH_CHACHA20_POLY1305_SHA256 => ECDHE-ECDSA-CHACHA20-POLY1305
00:07:04.335 [finagle/netty4-1-1] DEBUG i.n.handler.ssl.CipherSuiteConverter - Cipher suite mapping: SSL_ECDHE_ECDSA_WITH_CHACHA20_POLY1305_SHA256 => ECDHE-ECDSA-CHACHA20-POLY1305
00:07:04.336 [finagle/netty4-1-1] DEBUG i.n.handler.ssl.CipherSuiteConverter - Cipher suite mapping: TLS_ECDHE_RSA_WITH_CHACHA20_POLY1305_SHA256 => ECDHE-RSA-CHACHA20-POLY1305
00:07:04.337 [finagle/netty4-1-1] DEBUG i.n.handler.ssl.CipherSuiteConverter - Cipher suite mapping: SSL_ECDHE_RSA_WITH_CHACHA20_POLY1305_SHA256 => ECDHE-RSA-CHACHA20-POLY1305
00:07:04.337 [finagle/netty4-1-1] DEBUG i.n.handler.ssl.CipherSuiteConverter - Cipher suite mapping: TLS_ECDHE_PSK_WITH_CHACHA20_POLY1305_SHA256 => ECDHE-PSK-CHACHA20-POLY1305
00:07:04.337 [finagle/netty4-1-1] DEBUG i.n.handler.ssl.CipherSuiteConverter - Cipher suite mapping: SSL_ECDHE_PSK_WITH_CHACHA20_POLY1305_SHA256 => ECDHE-PSK-CHACHA20-POLY1305
00:07:04.338 [finagle/netty4-1-1] DEBUG i.n.handler.ssl.CipherSuiteConverter - Cipher suite mapping: TLS_ECDHE_ECDSA_WITH_AES_128_CBC_SHA => ECDHE-ECDSA-AES128-SHA
00:07:04.338 [finagle/netty4-1-1] DEBUG i.n.handler.ssl.CipherSuiteConverter - Cipher suite mapping: SSL_ECDHE_ECDSA_WITH_AES_128_CBC_SHA => ECDHE-ECDSA-AES128-SHA
00:07:04.338 [finagle/netty4-1-1] DEBUG i.n.handler.ssl.CipherSuiteConverter - Cipher suite mapping: TLS_ECDHE_RSA_WITH_AES_128_CBC_SHA => ECDHE-RSA-AES128-SHA
00:07:04.339 [finagle/netty4-1-1] DEBUG i.n.handler.ssl.CipherSuiteConverter - Cipher suite mapping: SSL_ECDHE_RSA_WITH_AES_128_CBC_SHA => ECDHE-RSA-AES128-SHA
00:07:04.339 [finagle/netty4-1-1] DEBUG i.n.handler.ssl.CipherSuiteConverter - Cipher suite mapping: TLS_ECDHE_PSK_WITH_AES_128_CBC_SHA => ECDHE-PSK-AES128-CBC-SHA
00:07:04.339 [finagle/netty4-1-1] DEBUG i.n.handler.ssl.CipherSuiteConverter - Cipher suite mapping: SSL_ECDHE_PSK_WITH_AES_128_CBC_SHA => ECDHE-PSK-AES128-CBC-SHA
00:07:04.340 [finagle/netty4-1-1] DEBUG i.n.handler.ssl.CipherSuiteConverter - Cipher suite mapping: TLS_ECDHE_ECDSA_WITH_AES_256_CBC_SHA => ECDHE-ECDSA-AES256-SHA
00:07:04.340 [finagle/netty4-1-1] DEBUG i.n.handler.ssl.CipherSuiteConverter - Cipher suite mapping: SSL_ECDHE_ECDSA_WITH_AES_256_CBC_SHA => ECDHE-ECDSA-AES256-SHA
00:07:04.341 [finagle/netty4-1-1] DEBUG i.n.handler.ssl.CipherSuiteConverter - Cipher suite mapping: TLS_ECDHE_RSA_WITH_AES_256_CBC_SHA => ECDHE-RSA-AES256-SHA
00:07:04.341 [finagle/netty4-1-1] DEBUG i.n.handler.ssl.CipherSuiteConverter - Cipher suite mapping: SSL_ECDHE_RSA_WITH_AES_256_CBC_SHA => ECDHE-RSA-AES256-SHA
00:07:04.341 [finagle/netty4-1-1] DEBUG i.n.handler.ssl.CipherSuiteConverter - Cipher suite mapping: TLS_ECDHE_PSK_WITH_AES_256_CBC_SHA => ECDHE-PSK-AES256-CBC-SHA
00:07:04.341 [finagle/netty4-1-1] DEBUG i.n.handler.ssl.CipherSuiteConverter - Cipher suite mapping: SSL_ECDHE_PSK_WITH_AES_256_CBC_SHA => ECDHE-PSK-AES256-CBC-SHA
00:07:04.342 [finagle/netty4-1-1] DEBUG i.n.handler.ssl.CipherSuiteConverter - Cipher suite mapping: TLS_RSA_WITH_AES_128_GCM_SHA256 => AES128-GCM-SHA256
00:07:04.342 [finagle/netty4-1-1] DEBUG i.n.handler.ssl.CipherSuiteConverter - Cipher suite mapping: SSL_RSA_WITH_AES_128_GCM_SHA256 => AES128-GCM-SHA256
00:07:04.342 [finagle/netty4-1-1] DEBUG i.n.handler.ssl.CipherSuiteConverter - Cipher suite mapping: TLS_RSA_WITH_AES_256_GCM_SHA384 => AES256-GCM-SHA384
00:07:04.343 [finagle/netty4-1-1] DEBUG i.n.handler.ssl.CipherSuiteConverter - Cipher suite mapping: SSL_RSA_WITH_AES_256_GCM_SHA384 => AES256-GCM-SHA384
00:07:04.343 [finagle/netty4-1-1] DEBUG i.n.handler.ssl.CipherSuiteConverter - Cipher suite mapping: TLS_RSA_WITH_AES_128_CBC_SHA => AES128-SHA
00:07:04.344 [finagle/netty4-1-1] DEBUG i.n.handler.ssl.CipherSuiteConverter - Cipher suite mapping: SSL_RSA_WITH_AES_128_CBC_SHA => AES128-SHA
00:07:04.344 [finagle/netty4-1-1] DEBUG i.n.handler.ssl.CipherSuiteConverter - Cipher suite mapping: TLS_PSK_WITH_AES_128_CBC_SHA => PSK-AES128-CBC-SHA
00:07:04.345 [finagle/netty4-1-1] DEBUG i.n.handler.ssl.CipherSuiteConverter - Cipher suite mapping: SSL_PSK_WITH_AES_128_CBC_SHA => PSK-AES128-CBC-SHA
00:07:04.345 [finagle/netty4-1-1] DEBUG i.n.handler.ssl.CipherSuiteConverter - Cipher suite mapping: TLS_RSA_WITH_AES_256_CBC_SHA => AES256-SHA
00:07:04.346 [finagle/netty4-1-1] DEBUG i.n.handler.ssl.CipherSuiteConverter - Cipher suite mapping: SSL_RSA_WITH_AES_256_CBC_SHA => AES256-SHA
00:07:04.346 [finagle/netty4-1-1] DEBUG i.n.handler.ssl.CipherSuiteConverter - Cipher suite mapping: TLS_PSK_WITH_AES_256_CBC_SHA => PSK-AES256-CBC-SHA
00:07:04.346 [finagle/netty4-1-1] DEBUG i.n.handler.ssl.CipherSuiteConverter - Cipher suite mapping: SSL_PSK_WITH_AES_256_CBC_SHA => PSK-AES256-CBC-SHA
00:07:04.347 [finagle/netty4-1-1] DEBUG i.n.handler.ssl.CipherSuiteConverter - Cipher suite mapping: TLS_RSA_WITH_3DES_EDE_CBC_SHA => DES-CBC3-SHA
00:07:04.347 [finagle/netty4-1-1] DEBUG i.n.handler.ssl.CipherSuiteConverter - Cipher suite mapping: SSL_RSA_WITH_3DES_EDE_CBC_SHA => DES-CBC3-SHA
00:07:04.348 [finagle/netty4-1-1] DEBUG io.netty.handler.ssl.OpenSsl - Supported protocols (OpenSSL): [SSLv2Hello, TLSv1, TLSv1.1, TLSv1.2, TLSv1.3] 
00:07:04.348 [finagle/netty4-1-1] DEBUG io.netty.handler.ssl.OpenSsl - Default cipher suites (OpenSSL): [TLS_ECDHE_ECDSA_WITH_AES_256_GCM_SHA384, TLS_ECDHE_ECDSA_WITH_AES_128_GCM_SHA256, TLS_ECDHE_RSA_WITH_AES_128_GCM_SHA256, TLS_ECDHE_RSA_WITH_AES_256_GCM_SHA384, TLS_ECDHE_RSA_WITH_AES_128_CBC_SHA, TLS_ECDHE_RSA_WITH_AES_256_CBC_SHA, TLS_RSA_WITH_AES_128_GCM_SHA256, TLS_RSA_WITH_AES_128_CBC_SHA, TLS_RSA_WITH_AES_256_CBC_SHA, TLS_AES_128_GCM_SHA256, TLS_AES_256_GCM_SHA384, TLS_AES_128_GCM_SHA256, TLS_AES_256_GCM_SHA384]
00:07:04.365 [finagle/netty4-1-1] INFO  i.n.h.s.ReferenceCountedOpenSslContext - BoringSSL doesn't allow to enable or disable TLSv1.3 ciphers explicitly. Provided TLSv1.3 ciphers: 'TLS_AES_128_GCM_SHA256:TLS_AES_256_GCM_SHA384:TLS_AES_128_GCM_SHA256:TLS_AES_256_GCM_SHA384', default TLSv1.3 ciphers that will be used: 'TLS_AES_128_GCM_SHA256:TLS_AES_256_GCM_SHA384:TLS_CHACHA20_POLY1305_SHA256'.
00:07:04.378 [finagle/netty4-1-1] DEBUG i.n.util.ResourceLeakDetectorFactory - Loaded default ResourceLeakDetector: io.netty.util.ResourceLeakDetector@14707c88
00:07:04.672 [finagle/netty4-1-1] DEBUG io.netty.handler.ssl.SslHandler - [id: 0xa88057a7, L:/10.0.0.108:60140 - R:f1bmo1rvph.execute-api.us-east-2.amazonaws.com/3.142.41.133:443] HANDSHAKEN: protocol:TLSv1.2 cipher suite:TLS_ECDHE_RSA_WITH_AES_128_GCM_SHA256
00:07:07.408 [finagle/netty4-1-1] DEBUG i.n.handler.codec.compression.Brotli - brotli4j not in the classpath; Brotli support will be unavailable.
00:07:07.433 [run-main-0] INFO  java.lang.Class - Completed Execution with Finagle Framework
00:07:07.433 [finagle/netty4-1-1] INFO  java.lang.Class - GET success -- Printing the Hash codes: ["f7e3e74968156265c000aa7df746f0b1", "bcc3bb02cb9c781918b9db3e2b0ad1a6", "72dc0417d440fe866ddea36d3a20ef83", "9bb51835ef239ade33ba6ee171d70f03", "d223a27066e7e615f3c1dce553f01334", "7d56a8d412704a33d4b7ebb8fd511dc5", "467500026623cf0df8898b07b4d0b0d0", "acfa92ac244dd78f2929fcb996cb0a4d", "f7e3e74968156265c000aa7df746f0b1", "bcc3bb02cb9c781918b9db3e2b0ad1a6", "39b67989733481feb30ec3facba4c0d9", "69d4c67b5c2c34e1effdff172aa0b978", "0dbf623f02e15d94186950e6ad19961a", "094f00f1a527fc68842c74495a2f3b96", "281edc34d4376b44769f99c9de1d2a8f", "fd18bf6a6144d8622acb0315a3039e40"]
00:07:07.440 [finagle/netty4-1-1] DEBUG io.netty.channel.nio.NioEventLoop - Selector.select() returned prematurely because Thread.currentThread().interrupt() was called. Use NioEventLoop.shutdownGracefully() to shutdown the NioEventLoop.
00:08:25.498 [run-main-0] INFO  java.lang.Class - --- Starting The Execution
00:08:25.501 [run-main-0] INFO  java.lang.Class - --- Taking the time stamp value from config file
00:08:25.506 [run-main-0] INFO  java.lang.Class - --- Taking the time interval in minutes value from config file
00:08:26.887 [run-main-0] INFO  java.lang.Class - 
Result = true
00:08:26.888 [run-main-0] INFO  java.lang.Class - Executing RESTAPI with Finagle HTTP Framework
00:08:27.269 [run-main-0] DEBUG i.n.u.i.l.InternalLoggerFactory - Using SLF4J as the default logging framework
00:08:27.270 [run-main-0] DEBUG io.netty.util.ResourceLeakDetector - -Dio.netty.leakDetection.level: simple
00:08:27.271 [run-main-0] DEBUG io.netty.util.ResourceLeakDetector - -Dio.netty.leakDetection.targetRecords: 4
00:08:27.297 [run-main-0] DEBUG i.n.util.internal.PlatformDependent0 - -Dio.netty.noUnsafe: false
00:08:27.298 [run-main-0] DEBUG i.n.util.internal.PlatformDependent0 - Java version: 11
00:08:27.299 [run-main-0] DEBUG i.n.util.internal.PlatformDependent0 - sun.misc.Unsafe.theUnsafe: available
00:08:27.300 [run-main-0] DEBUG i.n.util.internal.PlatformDependent0 - sun.misc.Unsafe.copyMemory: available
00:08:27.301 [run-main-0] DEBUG i.n.util.internal.PlatformDependent0 - java.nio.Buffer.address: available
00:08:27.302 [run-main-0] DEBUG i.n.util.internal.PlatformDependent0 - direct buffer constructor: unavailable: Reflective setAccessible(true) disabled
00:08:27.303 [run-main-0] DEBUG i.n.util.internal.PlatformDependent0 - java.nio.Bits.unaligned: available, true
00:08:27.305 [run-main-0] DEBUG i.n.util.internal.PlatformDependent0 - jdk.internal.misc.Unsafe.allocateUninitializedArray(int): unavailable: class io.netty.util.internal.PlatformDependent0$6 cannot access class jdk.internal.misc.Unsafe (in module java.base) because module java.base does not export jdk.internal.misc to unnamed module @66e2126c
00:08:27.307 [run-main-0] DEBUG i.n.util.internal.PlatformDependent0 - java.nio.DirectByteBuffer.<init>(long, int): unavailable
00:08:27.307 [run-main-0] DEBUG i.n.util.internal.PlatformDependent - sun.misc.Unsafe: available
00:08:27.309 [run-main-0] DEBUG i.n.util.internal.PlatformDependent - maxDirectMemory: 1073741824 bytes (maybe)
00:08:27.309 [run-main-0] DEBUG i.n.util.internal.PlatformDependent - -Dio.netty.tmpdir: C:\Users\SMRITH~1\AppData\Local\Temp (java.io.tmpdir)
00:08:27.310 [run-main-0] DEBUG i.n.util.internal.PlatformDependent - -Dio.netty.bitMode: 64 (sun.arch.data.model)
00:08:27.311 [run-main-0] DEBUG i.n.util.internal.PlatformDependent - Platform: Windows
00:08:27.313 [run-main-0] DEBUG i.n.util.internal.PlatformDependent - -Dio.netty.maxDirectMemory: -1 bytes
00:08:27.314 [run-main-0] DEBUG i.n.util.internal.PlatformDependent - -Dio.netty.uninitializedArrayAllocationThreshold: -1
00:08:27.316 [run-main-0] DEBUG io.netty.util.internal.CleanerJava9 - java.nio.ByteBuffer.cleaner(): available
00:08:27.318 [run-main-0] DEBUG i.n.util.internal.PlatformDependent - -Dio.netty.noPreferDirect: false
00:08:27.319 [run-main-0] DEBUG i.n.buffer.PooledByteBufAllocator - -Dio.netty.allocator.numHeapArenas: 16
00:08:27.320 [run-main-0] DEBUG i.n.buffer.PooledByteBufAllocator - -Dio.netty.allocator.numDirectArenas: 16
00:08:27.320 [run-main-0] DEBUG i.n.buffer.PooledByteBufAllocator - -Dio.netty.allocator.pageSize: 8192
00:08:27.321 [run-main-0] DEBUG i.n.buffer.PooledByteBufAllocator - -Dio.netty.allocator.maxOrder: 7
00:08:27.321 [run-main-0] DEBUG i.n.buffer.PooledByteBufAllocator - -Dio.netty.allocator.chunkSize: 1048576
00:08:27.322 [run-main-0] DEBUG i.n.buffer.PooledByteBufAllocator - -Dio.netty.allocator.smallCacheSize: 256
00:08:27.323 [run-main-0] DEBUG i.n.buffer.PooledByteBufAllocator - -Dio.netty.allocator.normalCacheSize: 64
00:08:27.323 [run-main-0] DEBUG i.n.buffer.PooledByteBufAllocator - -Dio.netty.allocator.maxCachedBufferCapacity: 32768
00:08:27.324 [run-main-0] DEBUG i.n.buffer.PooledByteBufAllocator - -Dio.netty.allocator.cacheTrimInterval: 8192
00:08:27.324 [run-main-0] DEBUG i.n.buffer.PooledByteBufAllocator - -Dio.netty.allocator.cacheTrimIntervalMillis: 0
00:08:27.325 [run-main-0] DEBUG i.n.buffer.PooledByteBufAllocator - -Dio.netty.allocator.useCacheForAllThreads: true
00:08:27.325 [run-main-0] DEBUG i.n.buffer.PooledByteBufAllocator - -Dio.netty.allocator.maxCachedByteBuffersPerChunk: 1023
00:08:27.334 [run-main-0] DEBUG i.n.u.i.InternalThreadLocalMap - -Dio.netty.threadLocalMap.stringBuilder.initialSize: 1024
00:08:27.334 [run-main-0] DEBUG i.n.u.i.InternalThreadLocalMap - -Dio.netty.threadLocalMap.stringBuilder.maxSize: 4096
00:08:27.631 [run-main-0] DEBUG i.n.util.ResourceLeakDetectorFactory - Loaded default ResourceLeakDetector: io.netty.util.ResourceLeakDetector@322ab2b8
00:08:27.645 [run-main-0] DEBUG i.n.util.internal.PlatformDependent - org.jctools-core.MpscChunkedArrayQueue: available
00:08:28.463 [run-main-0] DEBUG i.n.c.MultithreadEventLoopGroup - -Dio.netty.eventLoopThreads: 16
00:08:28.497 [run-main-0] DEBUG io.netty.channel.nio.NioEventLoop - -Dio.netty.noKeySetOptimization: false
00:08:28.497 [run-main-0] DEBUG io.netty.channel.nio.NioEventLoop - -Dio.netty.selectorAutoRebuildThreshold: 512
00:08:28.558 [run-main-0] DEBUG io.netty.channel.DefaultChannelId - -Dio.netty.processId: 13120 (auto-detected)
00:08:28.563 [run-main-0] DEBUG io.netty.util.NetUtil - -Djava.net.preferIPv4Stack: false
00:08:28.563 [run-main-0] DEBUG io.netty.util.NetUtil - -Djava.net.preferIPv6Addresses: false
00:08:28.766 [run-main-0] DEBUG i.netty.util.NetUtilInitializations - Loopback interface: lo (Software Loopback Interface 1, 127.0.0.1)
00:08:28.768 [run-main-0] DEBUG io.netty.util.NetUtil - Failed to get SOMAXCONN from sysctl and file \proc\sys\net\core\somaxconn. Default: 200
00:08:28.973 [run-main-0] DEBUG io.netty.channel.DefaultChannelId - -Dio.netty.machineId: 9c:da:3e:ff:fe:a8:b6:f0 (auto-detected)
00:08:29.001 [run-main-0] DEBUG io.netty.buffer.ByteBufUtil - -Dio.netty.allocator.type: pooled
00:08:29.001 [run-main-0] DEBUG io.netty.buffer.ByteBufUtil - -Dio.netty.threadLocalDirectBufferSize: 0
00:08:29.002 [run-main-0] DEBUG io.netty.buffer.ByteBufUtil - -Dio.netty.maxThreadLocalCharBufferSize: 16384
00:08:29.031 [finagle/netty4-1-1] DEBUG i.n.u.internal.NativeLibraryLoader - -Dio.netty.native.workdir: C:\Users\SMRITH~1\AppData\Local\Temp (io.netty.tmpdir)
00:08:29.032 [finagle/netty4-1-1] DEBUG i.n.u.internal.NativeLibraryLoader - -Dio.netty.native.deleteLibAfterLoading: true
00:08:29.032 [finagle/netty4-1-1] DEBUG i.n.u.internal.NativeLibraryLoader - -Dio.netty.native.tryPatchShadedId: true
00:08:29.072 [finagle/netty4-1-1] DEBUG i.n.u.internal.NativeLibraryLoader - Successfully loaded the library C:\Users\SMRITH~1\AppData\Local\Temp\netty_tcnative_windows_x86_647305346727479073885.dll
00:08:29.073 [finagle/netty4-1-1] DEBUG io.netty.handler.ssl.OpenSsl - Initialize netty-tcnative using engine: 'default'
00:08:29.073 [finagle/netty4-1-1] DEBUG io.netty.handler.ssl.OpenSsl - netty-tcnative using native library: BoringSSL
00:08:29.090 [finagle/netty4-1-1] DEBUG io.netty.buffer.AbstractByteBuf - -Dio.netty.buffer.checkAccessible: true
00:08:29.090 [finagle/netty4-1-1] DEBUG io.netty.buffer.AbstractByteBuf - -Dio.netty.buffer.checkBounds: true
00:08:29.091 [finagle/netty4-1-1] DEBUG i.n.util.ResourceLeakDetectorFactory - Loaded default ResourceLeakDetector: io.netty.util.ResourceLeakDetector@6b472bd0
00:08:29.105 [finagle/netty4-1-1] DEBUG i.n.util.ResourceLeakDetectorFactory - Loaded default ResourceLeakDetector: io.netty.util.ResourceLeakDetector@5afe2432
00:08:29.114 [finagle/netty4-1-1] DEBUG io.netty.util.Recycler - -Dio.netty.recycler.maxCapacityPerThread: disabled
00:08:29.114 [finagle/netty4-1-1] DEBUG io.netty.util.Recycler - -Dio.netty.recycler.maxSharedCapacityFactor: disabled
00:08:29.115 [finagle/netty4-1-1] DEBUG io.netty.util.Recycler - -Dio.netty.recycler.linkCapacity: disabled
00:08:29.115 [finagle/netty4-1-1] DEBUG io.netty.util.Recycler - -Dio.netty.recycler.ratio: disabled
00:08:29.115 [finagle/netty4-1-1] DEBUG io.netty.util.Recycler - -Dio.netty.recycler.delayedQueue.ratio: disabled
00:08:29.136 [finagle/netty4-1-1] DEBUG i.n.handler.ssl.CipherSuiteConverter - Cipher suite mapping: TLS_ECDHE_ECDSA_WITH_AES_128_GCM_SHA256 => ECDHE-ECDSA-AES128-GCM-SHA256
00:08:29.136 [finagle/netty4-1-1] DEBUG i.n.handler.ssl.CipherSuiteConverter - Cipher suite mapping: SSL_ECDHE_ECDSA_WITH_AES_128_GCM_SHA256 => ECDHE-ECDSA-AES128-GCM-SHA256
00:08:29.137 [finagle/netty4-1-1] DEBUG i.n.handler.ssl.CipherSuiteConverter - Cipher suite mapping: TLS_ECDHE_RSA_WITH_AES_128_GCM_SHA256 => ECDHE-RSA-AES128-GCM-SHA256
00:08:29.137 [finagle/netty4-1-1] DEBUG i.n.handler.ssl.CipherSuiteConverter - Cipher suite mapping: SSL_ECDHE_RSA_WITH_AES_128_GCM_SHA256 => ECDHE-RSA-AES128-GCM-SHA256
00:08:29.137 [finagle/netty4-1-1] DEBUG i.n.handler.ssl.CipherSuiteConverter - Cipher suite mapping: TLS_ECDHE_ECDSA_WITH_AES_256_GCM_SHA384 => ECDHE-ECDSA-AES256-GCM-SHA384
00:08:29.138 [finagle/netty4-1-1] DEBUG i.n.handler.ssl.CipherSuiteConverter - Cipher suite mapping: SSL_ECDHE_ECDSA_WITH_AES_256_GCM_SHA384 => ECDHE-ECDSA-AES256-GCM-SHA384
00:08:29.138 [finagle/netty4-1-1] DEBUG i.n.handler.ssl.CipherSuiteConverter - Cipher suite mapping: TLS_ECDHE_RSA_WITH_AES_256_GCM_SHA384 => ECDHE-RSA-AES256-GCM-SHA384
00:08:29.139 [finagle/netty4-1-1] DEBUG i.n.handler.ssl.CipherSuiteConverter - Cipher suite mapping: SSL_ECDHE_RSA_WITH_AES_256_GCM_SHA384 => ECDHE-RSA-AES256-GCM-SHA384
00:08:29.139 [finagle/netty4-1-1] DEBUG i.n.handler.ssl.CipherSuiteConverter - Cipher suite mapping: TLS_ECDHE_ECDSA_WITH_CHACHA20_POLY1305_SHA256 => ECDHE-ECDSA-CHACHA20-POLY1305
00:08:29.140 [finagle/netty4-1-1] DEBUG i.n.handler.ssl.CipherSuiteConverter - Cipher suite mapping: SSL_ECDHE_ECDSA_WITH_CHACHA20_POLY1305_SHA256 => ECDHE-ECDSA-CHACHA20-POLY1305
00:08:29.140 [finagle/netty4-1-1] DEBUG i.n.handler.ssl.CipherSuiteConverter - Cipher suite mapping: TLS_ECDHE_RSA_WITH_CHACHA20_POLY1305_SHA256 => ECDHE-RSA-CHACHA20-POLY1305
00:08:29.141 [finagle/netty4-1-1] DEBUG i.n.handler.ssl.CipherSuiteConverter - Cipher suite mapping: SSL_ECDHE_RSA_WITH_CHACHA20_POLY1305_SHA256 => ECDHE-RSA-CHACHA20-POLY1305
00:08:29.141 [finagle/netty4-1-1] DEBUG i.n.handler.ssl.CipherSuiteConverter - Cipher suite mapping: TLS_ECDHE_PSK_WITH_CHACHA20_POLY1305_SHA256 => ECDHE-PSK-CHACHA20-POLY1305
00:08:29.141 [finagle/netty4-1-1] DEBUG i.n.handler.ssl.CipherSuiteConverter - Cipher suite mapping: SSL_ECDHE_PSK_WITH_CHACHA20_POLY1305_SHA256 => ECDHE-PSK-CHACHA20-POLY1305
00:08:29.142 [finagle/netty4-1-1] DEBUG i.n.handler.ssl.CipherSuiteConverter - Cipher suite mapping: TLS_ECDHE_ECDSA_WITH_AES_128_CBC_SHA => ECDHE-ECDSA-AES128-SHA
00:08:29.142 [finagle/netty4-1-1] DEBUG i.n.handler.ssl.CipherSuiteConverter - Cipher suite mapping: SSL_ECDHE_ECDSA_WITH_AES_128_CBC_SHA => ECDHE-ECDSA-AES128-SHA
00:08:29.143 [finagle/netty4-1-1] DEBUG i.n.handler.ssl.CipherSuiteConverter - Cipher suite mapping: TLS_ECDHE_RSA_WITH_AES_128_CBC_SHA => ECDHE-RSA-AES128-SHA
00:08:29.143 [finagle/netty4-1-1] DEBUG i.n.handler.ssl.CipherSuiteConverter - Cipher suite mapping: SSL_ECDHE_RSA_WITH_AES_128_CBC_SHA => ECDHE-RSA-AES128-SHA
00:08:29.143 [finagle/netty4-1-1] DEBUG i.n.handler.ssl.CipherSuiteConverter - Cipher suite mapping: TLS_ECDHE_PSK_WITH_AES_128_CBC_SHA => ECDHE-PSK-AES128-CBC-SHA
00:08:29.144 [finagle/netty4-1-1] DEBUG i.n.handler.ssl.CipherSuiteConverter - Cipher suite mapping: SSL_ECDHE_PSK_WITH_AES_128_CBC_SHA => ECDHE-PSK-AES128-CBC-SHA
00:08:29.144 [finagle/netty4-1-1] DEBUG i.n.handler.ssl.CipherSuiteConverter - Cipher suite mapping: TLS_ECDHE_ECDSA_WITH_AES_256_CBC_SHA => ECDHE-ECDSA-AES256-SHA
00:08:29.144 [finagle/netty4-1-1] DEBUG i.n.handler.ssl.CipherSuiteConverter - Cipher suite mapping: SSL_ECDHE_ECDSA_WITH_AES_256_CBC_SHA => ECDHE-ECDSA-AES256-SHA
00:08:29.145 [finagle/netty4-1-1] DEBUG i.n.handler.ssl.CipherSuiteConverter - Cipher suite mapping: TLS_ECDHE_RSA_WITH_AES_256_CBC_SHA => ECDHE-RSA-AES256-SHA
00:08:29.145 [finagle/netty4-1-1] DEBUG i.n.handler.ssl.CipherSuiteConverter - Cipher suite mapping: SSL_ECDHE_RSA_WITH_AES_256_CBC_SHA => ECDHE-RSA-AES256-SHA
00:08:29.146 [finagle/netty4-1-1] DEBUG i.n.handler.ssl.CipherSuiteConverter - Cipher suite mapping: TLS_ECDHE_PSK_WITH_AES_256_CBC_SHA => ECDHE-PSK-AES256-CBC-SHA
00:08:29.146 [finagle/netty4-1-1] DEBUG i.n.handler.ssl.CipherSuiteConverter - Cipher suite mapping: SSL_ECDHE_PSK_WITH_AES_256_CBC_SHA => ECDHE-PSK-AES256-CBC-SHA
00:08:29.146 [finagle/netty4-1-1] DEBUG i.n.handler.ssl.CipherSuiteConverter - Cipher suite mapping: TLS_RSA_WITH_AES_128_GCM_SHA256 => AES128-GCM-SHA256
00:08:29.147 [finagle/netty4-1-1] DEBUG i.n.handler.ssl.CipherSuiteConverter - Cipher suite mapping: SSL_RSA_WITH_AES_128_GCM_SHA256 => AES128-GCM-SHA256
00:08:29.147 [finagle/netty4-1-1] DEBUG i.n.handler.ssl.CipherSuiteConverter - Cipher suite mapping: TLS_RSA_WITH_AES_256_GCM_SHA384 => AES256-GCM-SHA384
00:08:29.148 [finagle/netty4-1-1] DEBUG i.n.handler.ssl.CipherSuiteConverter - Cipher suite mapping: SSL_RSA_WITH_AES_256_GCM_SHA384 => AES256-GCM-SHA384
00:08:29.148 [finagle/netty4-1-1] DEBUG i.n.handler.ssl.CipherSuiteConverter - Cipher suite mapping: TLS_RSA_WITH_AES_128_CBC_SHA => AES128-SHA
00:08:29.148 [finagle/netty4-1-1] DEBUG i.n.handler.ssl.CipherSuiteConverter - Cipher suite mapping: SSL_RSA_WITH_AES_128_CBC_SHA => AES128-SHA
00:08:29.149 [finagle/netty4-1-1] DEBUG i.n.handler.ssl.CipherSuiteConverter - Cipher suite mapping: TLS_PSK_WITH_AES_128_CBC_SHA => PSK-AES128-CBC-SHA
00:08:29.149 [finagle/netty4-1-1] DEBUG i.n.handler.ssl.CipherSuiteConverter - Cipher suite mapping: SSL_PSK_WITH_AES_128_CBC_SHA => PSK-AES128-CBC-SHA
00:08:29.149 [finagle/netty4-1-1] DEBUG i.n.handler.ssl.CipherSuiteConverter - Cipher suite mapping: TLS_RSA_WITH_AES_256_CBC_SHA => AES256-SHA
00:08:29.150 [finagle/netty4-1-1] DEBUG i.n.handler.ssl.CipherSuiteConverter - Cipher suite mapping: SSL_RSA_WITH_AES_256_CBC_SHA => AES256-SHA
00:08:29.150 [finagle/netty4-1-1] DEBUG i.n.handler.ssl.CipherSuiteConverter - Cipher suite mapping: TLS_PSK_WITH_AES_256_CBC_SHA => PSK-AES256-CBC-SHA
00:08:29.150 [finagle/netty4-1-1] DEBUG i.n.handler.ssl.CipherSuiteConverter - Cipher suite mapping: SSL_PSK_WITH_AES_256_CBC_SHA => PSK-AES256-CBC-SHA
00:08:29.152 [finagle/netty4-1-1] DEBUG i.n.handler.ssl.CipherSuiteConverter - Cipher suite mapping: TLS_RSA_WITH_3DES_EDE_CBC_SHA => DES-CBC3-SHA
00:08:29.152 [finagle/netty4-1-1] DEBUG i.n.handler.ssl.CipherSuiteConverter - Cipher suite mapping: SSL_RSA_WITH_3DES_EDE_CBC_SHA => DES-CBC3-SHA
00:08:29.153 [finagle/netty4-1-1] DEBUG io.netty.handler.ssl.OpenSsl - Supported protocols (OpenSSL): [SSLv2Hello, TLSv1, TLSv1.1, TLSv1.2, TLSv1.3] 
00:08:29.154 [finagle/netty4-1-1] DEBUG io.netty.handler.ssl.OpenSsl - Default cipher suites (OpenSSL): [TLS_ECDHE_ECDSA_WITH_AES_256_GCM_SHA384, TLS_ECDHE_ECDSA_WITH_AES_128_GCM_SHA256, TLS_ECDHE_RSA_WITH_AES_128_GCM_SHA256, TLS_ECDHE_RSA_WITH_AES_256_GCM_SHA384, TLS_ECDHE_RSA_WITH_AES_128_CBC_SHA, TLS_ECDHE_RSA_WITH_AES_256_CBC_SHA, TLS_RSA_WITH_AES_128_GCM_SHA256, TLS_RSA_WITH_AES_128_CBC_SHA, TLS_RSA_WITH_AES_256_CBC_SHA, TLS_AES_128_GCM_SHA256, TLS_AES_256_GCM_SHA384, TLS_AES_128_GCM_SHA256, TLS_AES_256_GCM_SHA384]
00:08:29.168 [finagle/netty4-1-1] INFO  i.n.h.s.ReferenceCountedOpenSslContext - BoringSSL doesn't allow to enable or disable TLSv1.3 ciphers explicitly. Provided TLSv1.3 ciphers: 'TLS_AES_128_GCM_SHA256:TLS_AES_256_GCM_SHA384:TLS_AES_128_GCM_SHA256:TLS_AES_256_GCM_SHA384', default TLSv1.3 ciphers that will be used: 'TLS_AES_128_GCM_SHA256:TLS_AES_256_GCM_SHA384:TLS_CHACHA20_POLY1305_SHA256'.
00:08:29.181 [finagle/netty4-1-1] DEBUG i.n.util.ResourceLeakDetectorFactory - Loaded default ResourceLeakDetector: io.netty.util.ResourceLeakDetector@5f5b6964
00:08:29.489 [finagle/netty4-1-1] DEBUG io.netty.handler.ssl.SslHandler - [id: 0xb37439ce, L:/10.0.0.108:60178 - R:f1bmo1rvph.execute-api.us-east-2.amazonaws.com/18.118.174.167:443] HANDSHAKEN: protocol:TLSv1.2 cipher suite:TLS_ECDHE_RSA_WITH_AES_128_GCM_SHA256
00:08:30.099 [finagle/netty4-1-1] DEBUG i.n.handler.codec.compression.Brotli - brotli4j not in the classpath; Brotli support will be unavailable.
00:08:30.126 [run-main-0] INFO  java.lang.Class - Completed Execution with Finagle Framework
00:08:30.126 [finagle/netty4-1-1] INFO  java.lang.Class - GET success -- Printing the Hash codes: ["f7e3e74968156265c000aa7df746f0b1", "bcc3bb02cb9c781918b9db3e2b0ad1a6", "72dc0417d440fe866ddea36d3a20ef83", "9bb51835ef239ade33ba6ee171d70f03", "d223a27066e7e615f3c1dce553f01334", "7d56a8d412704a33d4b7ebb8fd511dc5", "467500026623cf0df8898b07b4d0b0d0", "acfa92ac244dd78f2929fcb996cb0a4d", "f7e3e74968156265c000aa7df746f0b1", "bcc3bb02cb9c781918b9db3e2b0ad1a6", "39b67989733481feb30ec3facba4c0d9", "69d4c67b5c2c34e1effdff172aa0b978", "0dbf623f02e15d94186950e6ad19961a", "094f00f1a527fc68842c74495a2f3b96", "281edc34d4376b44769f99c9de1d2a8f", "fd18bf6a6144d8622acb0315a3039e40"]
00:08:30.133 [finagle/netty4-1-1] DEBUG io.netty.channel.nio.NioEventLoop - Selector.select() returned prematurely because Thread.currentThread().interrupt() was called. Use NioEventLoop.shutdownGracefully() to shutdown the NioEventLoop.
00:09:21.819 [run-main-0] INFO  java.lang.Class - --- Starting The Execution
00:09:21.823 [run-main-0] INFO  java.lang.Class - --- Taking the time stamp value from config file
00:09:21.827 [run-main-0] INFO  java.lang.Class - --- Taking the time interval in minutes value from config file
00:09:24.288 [run-main-0] INFO  java.lang.Class - Printing the Result (Hash codes / 404)
00:09:24.289 [run-main-0] INFO  java.lang.Class - ["f7e3e74968156265c000aa7df746f0b1", "bcc3bb02cb9c781918b9db3e2b0ad1a6", "72dc0417d440fe866ddea36d3a20ef83", "9bb51835ef239ade33ba6ee171d70f03", "d223a27066e7e615f3c1dce553f01334", "7d56a8d412704a33d4b7ebb8fd511dc5", "467500026623cf0df8898b07b4d0b0d0", "acfa92ac244dd78f2929fcb996cb0a4d", "f7e3e74968156265c000aa7df746f0b1", "bcc3bb02cb9c781918b9db3e2b0ad1a6", "39b67989733481feb30ec3facba4c0d9", "69d4c67b5c2c34e1effdff172aa0b978", "0dbf623f02e15d94186950e6ad19961a", "094f00f1a527fc68842c74495a2f3b96", "281edc34d4376b44769f99c9de1d2a8f", "fd18bf6a6144d8622acb0315a3039e40"]
